<?xml version="1.0" encoding="UTF-8"?>
<!-- Generated by org.testng.reporters.JUnitReportReporter -->
<testsuite skipped="0" hostname="inn-anmolg-lt" name="spotivityAgencyTestcases.loginTestcase" tests="1" failures="0" timestamp="26 Apr 2021 07:01:42 GMT" time="1.373" errors="0">
  <testcase name="loginPage" time="1.373" classname="spotivityAgencyTestcases.loginTestcase"/>
</testsuite> <!-- spotivityAgencyTestcases.loginTestcase -->
